c:\users\patte\source\repos\heretic2hd\heretic2r\src\client effects\release\fx_barrelexplode.obj
c:\users\patte\source\repos\heretic2hd\heretic2r\src\client effects\release\ce_message.obj
c:\users\patte\source\repos\heretic2hd\heretic2r\src\client effects\release\fx_debris.obj
c:\users\patte\source\repos\heretic2hd\heretic2r\src\client effects\release\fx_halo.obj
c:\users\patte\source\repos\heretic2hd\heretic2r\src\client effects\release\fx_mist.obj
c:\users\patte\source\repos\heretic2hd\heretic2r\src\client effects\release\fx_shadow.obj
c:\users\patte\source\repos\heretic2hd\heretic2r\src\client effects\release\fx_sphereofannihlation.obj
c:\users\patte\source\repos\heretic2hd\heretic2r\src\client effects\release\ce_defaultmessagehandler.obj
c:\users\patte\source\repos\heretic2hd\heretic2r\src\client effects\release\fx_defensepickup.obj
c:\users\patte\source\repos\heretic2hd\heretic2r\src\client effects\release\fx_lensflare.obj
c:\users\patte\source\repos\heretic2hd\heretic2r\src\client effects\release\fx_morphovum.obj
c:\users\patte\source\repos\heretic2hd\heretic2r\src\client effects\release\fx_sparks.obj
c:\users\patte\source\repos\heretic2hd\heretic2r\src\client effects\release\fx_wall.obj
c:\users\patte\source\repos\heretic2hd\heretic2r\src\client effects\release\particle.obj
c:\users\patte\source\repos\heretic2hd\heretic2r\src\client effects\release\fx_watersplash.obj
c:\users\patte\source\repos\heretic2hd\heretic2r\src\client effects\release\fx_ammopickup.obj
c:\users\patte\source\repos\heretic2hd\heretic2r\src\client effects\release\fx_fire.obj
c:\users\patte\source\repos\heretic2hd\heretic2r\src\client effects\release\fx_lightning.obj
c:\users\patte\source\repos\heretic2hd\heretic2r\src\client effects\release\fx_remotecamera.obj
c:\users\patte\source\repos\heretic2hd\heretic2r\src\client effects\release\fx_shield.obj
c:\users\patte\source\repos\heretic2hd\heretic2r\src\client effects\release\fx_torch.obj
c:\users\patte\source\repos\heretic2hd\heretic2r\src\client effects\release\fx_armorhit.obj
c:\users\patte\source\repos\heretic2hd\heretic2r\src\client effects\release\netmsg_read.obj
c:\users\patte\source\repos\heretic2hd\heretic2r\src\client effects\release\fx_animate.obj
c:\users\patte\source\repos\heretic2hd\heretic2r\src\client effects\release\fx_bubbler.obj
c:\users\patte\source\repos\heretic2hd\heretic2r\src\client effects\release\fx_healthpickup.obj
c:\users\patte\source\repos\heretic2hd\heretic2r\src\client effects\release\fx_magicmissile.obj
c:\users\patte\source\repos\heretic2hd\heretic2r\src\client effects\release\fx_redrain.obj
c:\users\patte\source\repos\heretic2hd\heretic2r\src\client effects\release\fx_tbeast.obj
c:\users\patte\source\repos\heretic2hd\heretic2r\src\client effects\release\fx_testbbox.obj
c:\users\patte\source\repos\heretic2hd\heretic2r\src\client effects\release\turbsin.obj
c:\users\patte\source\repos\heretic2hd\heretic2r\src\client effects\release\fx_leader.obj
c:\users\patte\source\repos\heretic2hd\heretic2r\src\client effects\release\fx_crosshair.obj
c:\users\patte\source\repos\heretic2hd\heretic2r\src\client effects\release\fx_maceball.obj
c:\users\patte\source\repos\heretic2hd\heretic2r\src\client effects\release\fx_plagueelfspells.obj
c:\users\patte\source\repos\heretic2hd\heretic2r\src\client effects\release\fx_spellhands.obj
c:\users\patte\source\repos\heretic2hd\heretic2r\src\client effects\release\fx_feettrail.obj
c:\users\patte\source\repos\heretic2hd\heretic2r\src\client effects\release\lightstyles.obj
c:\users\patte\source\repos\heretic2hd\heretic2r\src\client effects\release\message.obj
c:\users\patte\source\repos\heretic2hd\heretic2r\src\client effects\release\ce_dlight.obj
c:\users\patte\source\repos\heretic2hd\heretic2r\src\client effects\release\fx_dripper.obj
c:\users\patte\source\repos\heretic2hd\heretic2r\src\client effects\release\fx_highpriestessstaff.obj
c:\users\patte\source\repos\heretic2hd\heretic2r\src\client effects\release\fx_plaguemist.obj
c:\users\patte\source\repos\heretic2hd\heretic2r\src\client effects\release\fx_quake.obj
c:\users\patte\source\repos\heretic2hd\heretic2r\src\client effects\release\fx_sound.obj
c:\users\patte\source\repos\heretic2hd\heretic2r\src\client effects\release\fx_ssithra.obj
c:\users\patte\source\repos\heretic2hd\heretic2r\src\client effects\release\utilities.obj
c:\users\patte\source\repos\heretic2hd\heretic2r\src\client effects\release\fx_corpseremove.obj
c:\users\patte\source\repos\heretic2hd\heretic2r\src\client effects\release\client entities.obj
c:\users\patte\source\repos\heretic2hd\heretic2r\src\client effects\release\fx_dust.obj
c:\users\patte\source\repos\heretic2hd\heretic2r\src\client effects\release\fx_meteorbarrier.obj
c:\users\patte\source\repos\heretic2hd\heretic2r\src\client effects\release\fx_plaguemistexplode.obj
c:\users\patte\source\repos\heretic2hd\heretic2r\src\client effects\release\fx_rope.obj
c:\users\patte\source\repos\heretic2hd\heretic2r\src\client effects\release\fx_tornado.obj
c:\users\patte\source\repos\heretic2hd\heretic2r\src\client effects\release\levelmaps.obj
c:\users\patte\source\repos\heretic2hd\heretic2r\src\client effects\release\fx_waterparticles.obj
c:\users\patte\source\repos\heretic2hd\heretic2r\src\client effects\release\client effects.obj
c:\users\patte\source\repos\heretic2hd\heretic2r\src\client effects\release\fx_dustpuff.obj
c:\users\patte\source\repos\heretic2hd\heretic2r\src\client effects\release\fx_highpriestessprojectiles.obj
c:\users\patte\source\repos\heretic2hd\heretic2r\src\client effects\release\fx_pickup.obj
c:\users\patte\source\repos\heretic2hd\heretic2r\src\client effects\release\fx_ripples.obj
c:\users\patte\source\repos\heretic2hd\heretic2r\src\client effects\release\fx_smoke.obj
c:\users\patte\source\repos\heretic2hd\heretic2r\src\client effects\release\fx_staffhit.obj
c:\users\patte\source\repos\heretic2hd\heretic2r\src\client effects\release\fx_waterwake.obj
c:\users\patte\source\repos\heretic2hd\heretic2r\src\client effects\release\anorms.obj
c:\users\patte\source\repos\heretic2hd\heretic2r\src\client effects\release\fx_gibtrail.obj
c:\users\patte\source\repos\heretic2hd\heretic2r\src\client effects\release\fx_bluering.obj
c:\users\patte\source\repos\heretic2hd\heretic2r\src\client effects\release\fx_flyingfist.obj
c:\users\patte\source\repos\heretic2hd\heretic2r\src\client effects\release\fx_phoenixexplode.obj
c:\users\patte\source\repos\heretic2hd\heretic2r\src\client effects\release\fx_shrine.obj
c:\users\patte\source\repos\heretic2hd\heretic2r\src\client effects\release\fx_tome.obj
c:\users\patte\source\repos\heretic2hd\heretic2r\src\client effects\release\main.obj
c:\users\patte\source\repos\heretic2hd\heretic2r\src\client effects\release\fx_hitpuffs.obj
c:\users\patte\source\repos\heretic2hd\heretic2r\src\client effects\release\fx_blood.obj
c:\users\patte\source\repos\heretic2hd\heretic2r\src\client effects\release\fx_flamethrow.obj
c:\users\patte\source\repos\heretic2hd\heretic2r\src\client effects\release\fx_insectstaff.obj
c:\users\patte\source\repos\heretic2hd\heretic2r\src\client effects\release\fx_puzzlepickup.obj
c:\users\patte\source\repos\heretic2hd\heretic2r\src\client effects\release\fx_portal.obj
c:\users\patte\source\repos\heretic2hd\heretic2r\src\client effects\release\fx_spoo.obj
c:\users\patte\source\repos\heretic2hd\heretic2r\src\client effects\release\fx_waterentrysplash.obj
c:\users\patte\source\repos\heretic2hd\heretic2r\src\client effects\release\fx_playerpersistent.obj
c:\users\patte\source\repos\heretic2hd\heretic2r\src\client effects\release\fx_phoenixmissile.obj
c:\users\patte\source\repos\heretic2hd\heretic2r\src\client effects\release\fx_cwatcher.obj
c:\users\patte\source\repos\heretic2hd\heretic2r\src\client effects\release\fx_fountain.obj
c:\users\patte\source\repos\heretic2hd\heretic2r\src\client effects\release\fx_lightninghit.obj
c:\users\patte\source\repos\heretic2hd\heretic2r\src\client effects\release\fx_redrainglow.obj
c:\users\patte\source\repos\heretic2hd\heretic2r\src\client effects\release\fx_spellchange.obj
c:\users\patte\source\repos\heretic2hd\heretic2r\src\client effects\release\fx_staff.obj
c:\users\patte\source\repos\heretic2hd\heretic2r\src\client effects\release\fx_weaponpickup.obj
c:\users\patte\source\repos\heretic2hd\heretic2r\src\client effects\release\fx_explosion.obj
c:\users\patte\source\repos\heretic2hd\heretic2r\src\client effects\release\fx_assassin.obj
c:\users\patte\source\repos\heretic2hd\heretic2r\src\client effects\release\fx_firehands.obj
c:\users\patte\source\repos\heretic2hd\heretic2r\src\client effects\release\fx_hellstaff.obj
c:\users\patte\source\repos\heretic2hd\heretic2r\src\client effects\release\fx_mork.obj
c:\users\patte\source\repos\heretic2hd\heretic2r\src\client effects\release\fx_scorchmark.obj
c:\users\patte\source\repos\heretic2hd\heretic2r\src\client effects\release\fx_teleport.obj
c:\users\patte\source\repos\heretic2hd\heretic2r\src\client effects\release\vc145.pdb
c:\users\patte\source\repos\heretic2hd\heretic2r\build\base\client effects.dll
c:\users\patte\source\repos\heretic2hd\heretic2r\build\base\client effects.pdb
c:\users\patte\source\repos\heretic2hd\heretic2r\build\base\client effects.lib
c:\users\patte\source\repos\heretic2hd\heretic2r\build\base\client effects.exp
c:\users\patte\source\repos\heretic2hd\heretic2r\build\base\client effects.ilk
c:\users\patte\source\repos\heretic2hd\heretic2r\src\client effects\release_x64\client effects.tlog\cl.10260.write.1.tlog
c:\users\patte\source\repos\heretic2hd\heretic2r\src\client effects\release_x64\client effects.tlog\cl.command.1.tlog
c:\users\patte\source\repos\heretic2hd\heretic2r\src\client effects\release_x64\client effects.tlog\cl.items.tlog
c:\users\patte\source\repos\heretic2hd\heretic2r\src\client effects\release_x64\client effects.tlog\cl.read.1.tlog
c:\users\patte\source\repos\heretic2hd\heretic2r\src\client effects\release_x64\client effects.tlog\link.command.1.tlog
c:\users\patte\source\repos\heretic2hd\heretic2r\src\client effects\release_x64\client effects.tlog\link.read.1.tlog
c:\users\patte\source\repos\heretic2hd\heretic2r\src\client effects\release_x64\client effects.tlog\link.secondary.1.tlog
c:\users\patte\source\repos\heretic2hd\heretic2r\src\client effects\release_x64\client effects.tlog\link.write.1.tlog
