c:\users\patte\source\repos\heretic2hd\heretic2r\src\game\release\c_corvus1_anim.obj
c:\users\patte\source\repos\heretic2hd\heretic2r\src\game\release\c_corvus7_anim.obj
c:\users\patte\source\repos\heretic2hd\heretic2r\src\game\release\c_elflord_anim.obj
c:\users\patte\source\repos\heretic2hd\heretic2r\src\game\release\c_victimssithra_anim.obj
c:\users\patte\source\repos\heretic2hd\heretic2r\src\game\release\g_func_button.obj
c:\users\patte\source\repos\heretic2hd\heretic2r\src\game\release\g_physics.obj
c:\users\patte\source\repos\heretic2hd\heretic2r\src\game\release\m_bee.obj
c:\users\patte\source\repos\heretic2hd\heretic2r\src\game\release\m_fish.obj
c:\users\patte\source\repos\heretic2hd\heretic2r\src\game\release\m_imp.obj
c:\users\patte\source\repos\heretic2hd\heretic2r\src\game\release\m_plagueelf_anim.obj
c:\users\patte\source\repos\heretic2hd\heretic2r\src\game\release\m_spreader_anim.obj
c:\users\patte\source\repos\heretic2hd\heretic2r\src\game\release\q_shared.obj
c:\users\patte\source\repos\heretic2hd\heretic2r\src\game\release\sc_fieldvariablevar.obj
c:\users\patte\source\repos\heretic2hd\heretic2r\src\game\release\sc_utility.obj
c:\users\patte\source\repos\heretic2hd\heretic2r\src\game\release\c_corvus3_anim.obj
c:\users\patte\source\repos\heretic2hd\heretic2r\src\game\release\c_corvus8.obj
c:\users\patte\source\repos\heretic2hd\heretic2r\src\game\release\c_priestess_anim.obj
c:\users\patte\source\repos\heretic2hd\heretic2r\src\game\release\decals.obj
c:\users\patte\source\repos\heretic2hd\heretic2r\src\game\release\g_defaultmessagehandler.obj
c:\users\patte\source\repos\heretic2hd\heretic2r\src\game\release\g_hitlocation.obj
c:\users\patte\source\repos\heretic2hd\heretic2r\src\game\release\g_spawnf.obj
c:\users\patte\source\repos\heretic2hd\heretic2r\src\game\release\mg_ai.obj
c:\users\patte\source\repos\heretic2hd\heretic2r\src\game\release\m_morcalavin.obj
c:\users\patte\source\repos\heretic2hd\heretic2r\src\game\release\m_seraph_anim.obj
c:\users\patte\source\repos\heretic2hd\heretic2r\src\game\release\p_funcs.obj
c:\users\patte\source\repos\heretic2hd\heretic2r\src\game\release\sc_floatvar.obj
c:\users\patte\source\repos\heretic2hd\heretic2r\src\game\release\spl_bluering.obj
c:\users\patte\source\repos\heretic2hd\heretic2r\src\game\release\spl_magicmissile.obj
c:\users\patte\source\repos\heretic2hd\heretic2r\src\game\release\spl_ripper.obj
c:\users\patte\source\repos\heretic2hd\heretic2r\src\game\release\utilities.obj
c:\users\patte\source\repos\heretic2hd\heretic2r\src\game\release\buoy.obj
c:\users\patte\source\repos\heretic2hd\heretic2r\src\game\release\c_corvus7.obj
c:\users\patte\source\repos\heretic2hd\heretic2r\src\game\release\c_morcalavin.obj
c:\users\patte\source\repos\heretic2hd\heretic2r\src\game\release\c_victimssithra.obj
c:\users\patte\source\repos\heretic2hd\heretic2r\src\game\release\g_func_door.obj
c:\users\patte\source\repos\heretic2hd\heretic2r\src\game\release\g_main.obj
c:\users\patte\source\repos\heretic2hd\heretic2r\src\game\release\g_spawn.obj
c:\users\patte\source\repos\heretic2hd\heretic2r\src\game\release\m_beast_anim.obj
c:\users\patte\source\repos\heretic2hd\heretic2r\src\game\release\m_harpy_anim.obj
c:\users\patte\source\repos\heretic2hd\heretic2r\src\game\release\m_plaguessithra_anim.obj
c:\users\patte\source\repos\heretic2hd\heretic2r\src\game\release\m_spreader.obj
c:\users\patte\source\repos\heretic2hd\heretic2r\src\game\release\sc_cscript.obj
c:\users\patte\source\repos\heretic2hd\heretic2r\src\game\release\c_corvus4.obj
c:\users\patte\source\repos\heretic2hd\heretic2r\src\game\release\c_corvus5.obj
c:\users\patte\source\repos\heretic2hd\heretic2r\src\game\release\c_dranor_anim.obj
c:\users\patte\source\repos\heretic2hd\heretic2r\src\game\release\c_siernan1.obj
c:\users\patte\source\repos\heretic2hd\heretic2r\src\game\release\c_tome.obj
c:\users\patte\source\repos\heretic2hd\heretic2r\src\game\release\g_env.obj
c:\users\patte\source\repos\heretic2hd\heretic2r\src\game\release\g_func_utility.obj
c:\users\patte\source\repos\heretic2hd\heretic2r\src\game\release\g_rope.obj
c:\users\patte\source\repos\heretic2hd\heretic2r\src\game\release\g_utils.obj
c:\users\patte\source\repos\heretic2hd\heretic2r\src\game\release\m_chicken_anim.obj
c:\users\patte\source\repos\heretic2hd\heretic2r\src\game\release\m_gkrokon.obj
c:\users\patte\source\repos\heretic2hd\heretic2r\src\game\release\m_mssithra_anim.obj
c:\users\patte\source\repos\heretic2hd\heretic2r\src\game\release\m_seraph.obj
c:\users\patte\source\repos\heretic2hd\heretic2r\src\game\release\p_client.obj
c:\users\patte\source\repos\heretic2hd\heretic2r\src\game\release\sc_stringvar.obj
c:\users\patte\source\repos\heretic2hd\heretic2r\src\game\release\spl_meteorbarrier.obj
c:\users\patte\source\repos\heretic2hd\heretic2r\src\game\release\spl_tornado.obj
c:\users\patte\source\repos\heretic2hd\heretic2r\src\game\release\c_corvus1.obj
c:\users\patte\source\repos\heretic2hd\heretic2r\src\game\release\c_corvus8_anim.obj
c:\users\patte\source\repos\heretic2hd\heretic2r\src\game\release\c_priestess2.obj
c:\users\patte\source\repos\heretic2hd\heretic2r\src\game\release\g_cmds.obj
c:\users\patte\source\repos\heretic2hd\heretic2r\src\game\release\g_items.obj
c:\users\patte\source\repos\heretic2hd\heretic2r\src\game\release\g_save.obj
c:\users\patte\source\repos\heretic2hd\heretic2r\src\game\release\m_beast.obj
c:\users\patte\source\repos\heretic2hd\heretic2r\src\game\release\m_mssithra.obj
c:\users\patte\source\repos\heretic2hd\heretic2r\src\game\release\m_rat_anim.obj
c:\users\patte\source\repos\heretic2hd\heretic2r\src\game\release\m_tcheckrik.obj
c:\users\patte\source\repos\heretic2hd\heretic2r\src\game\release\sc_fielddef.obj
c:\users\patte\source\repos\heretic2hd\heretic2r\src\game\release\sc_vectorvar.obj
c:\users\patte\source\repos\heretic2hd\heretic2r\src\game\release\p_dll.obj
c:\users\patte\source\repos\heretic2hd\heretic2r\src\game\release\g_ai.obj
c:\users\patte\source\repos\heretic2hd\heretic2r\src\game\release\g_func_monsterspawner.obj
c:\users\patte\source\repos\heretic2hd\heretic2r\src\game\release\g_misc.obj
c:\users\patte\source\repos\heretic2hd\heretic2r\src\game\release\g_svcmds.obj
c:\users\patte\source\repos\heretic2hd\heretic2r\src\game\release\mg_guide.obj
c:\users\patte\source\repos\heretic2hd\heretic2r\src\game\release\m_gorgon_anim.obj
c:\users\patte\source\repos\heretic2hd\heretic2r\src\game\release\m_mother_anim.obj
c:\users\patte\source\repos\heretic2hd\heretic2r\src\game\release\m_plagueelf.obj
c:\users\patte\source\repos\heretic2hd\heretic2r\src\game\release\m_tcheckrik_spells.obj
c:\users\patte\source\repos\heretic2hd\heretic2r\src\game\release\sc_entityvar.obj
c:\users\patte\source\repos\heretic2hd\heretic2r\src\game\release\sc_variablevar.obj
c:\users\patte\source\repos\heretic2hd\heretic2r\src\game\release\message.obj
c:\users\patte\source\repos\heretic2hd\heretic2r\src\game\release\c_corvus6_anim.obj
c:\users\patte\source\repos\heretic2hd\heretic2r\src\game\release\c_elflord.obj
c:\users\patte\source\repos\heretic2hd\heretic2r\src\game\release\c_siernan1_anim.obj
c:\users\patte\source\repos\heretic2hd\heretic2r\src\game\release\g_flamethrower.obj
c:\users\patte\source\repos\heretic2hd\heretic2r\src\game\release\g_obj.obj
c:\users\patte\source\repos\heretic2hd\heretic2r\src\game\release\m_assassin_anim.obj
c:\users\patte\source\repos\heretic2hd\heretic2r\src\game\release\m_elflord_anim.obj
c:\users\patte\source\repos\heretic2hd\heretic2r\src\game\release\m_imp_anim.obj
c:\users\patte\source\repos\heretic2hd\heretic2r\src\game\release\m_priestess_anim.obj
c:\users\patte\source\repos\heretic2hd\heretic2r\src\game\release\m_spreadermist.obj
c:\users\patte\source\repos\heretic2hd\heretic2r\src\game\release\p_view.obj
c:\users\patte\source\repos\heretic2hd\heretic2r\src\game\release\sc_movedoneevent.obj
c:\users\patte\source\repos\heretic2hd\heretic2r\src\game\release\spl_blast.obj
c:\users\patte\source\repos\heretic2hd\heretic2r\src\game\release\spl_maceballs.obj
c:\users\patte\source\repos\heretic2hd\heretic2r\src\game\release\spl_powerup.obj
c:\users\patte\source\repos\heretic2hd\heretic2r\src\game\release\c_corvus3.obj
c:\users\patte\source\repos\heretic2hd\heretic2r\src\game\release\c_corvus9_anim.obj
c:\users\patte\source\repos\heretic2hd\heretic2r\src\game\release\c_priestess2_anim.obj
c:\users\patte\source\repos\heretic2hd\heretic2r\src\game\release\c_ssithrascout_anim.obj
c:\users\patte\source\repos\heretic2hd\heretic2r\src\game\release\g_classstatics.obj
c:\users\patte\source\repos\heretic2hd\heretic2r\src\game\release\g_func_train.obj
c:\users\patte\source\repos\heretic2hd\heretic2r\src\game\release\g_physicsq2.obj
c:\users\patte\source\repos\heretic2hd\heretic2r\src\game\release\g_trigger.obj
c:\users\patte\source\repos\heretic2hd\heretic2r\src\game\release\m_elflord.obj
c:\users\patte\source\repos\heretic2hd\heretic2r\src\game\release\m_mother.obj
c:\users\patte\source\repos\heretic2hd\heretic2r\src\game\release\m_ogle_anim.obj
c:\users\patte\source\repos\heretic2hd\heretic2r\src\game\release\m_seraph_guard.obj
c:\users\patte\source\repos\heretic2hd\heretic2r\src\game\release\p_teleport.obj
c:\users\patte\source\repos\heretic2hd\heretic2r\src\game\release\sc_main.obj
c:\users\patte\source\repos\heretic2hd\heretic2r\src\game\release\spl_morph.obj
c:\users\patte\source\repos\heretic2hd\heretic2r\src\game\release\spl_shield.obj
c:\users\patte\source\repos\heretic2hd\heretic2r\src\game\release\c_corvus2.obj
c:\users\patte\source\repos\heretic2hd\heretic2r\src\game\release\c_corvus6.obj
c:\users\patte\source\repos\heretic2hd\heretic2r\src\game\release\c_priestess.obj
c:\users\patte\source\repos\heretic2hd\heretic2r\src\game\release\c_ssithrascout.obj
c:\users\patte\source\repos\heretic2hd\heretic2r\src\game\release\g_field.obj
c:\users\patte\source\repos\heretic2hd\heretic2r\src\game\release\g_func_plat.obj
c:\users\patte\source\repos\heretic2hd\heretic2r\src\game\release\g_message.obj
c:\users\patte\source\repos\heretic2hd\heretic2r\src\game\release\g_shrine.obj
c:\users\patte\source\repos\heretic2hd\heretic2r\src\game\release\g_weapon.obj
c:\users\patte\source\repos\heretic2hd\heretic2r\src\game\release\m_fish_anim.obj
c:\users\patte\source\repos\heretic2hd\heretic2r\src\game\release\m_morcalavin_anim.obj
c:\users\patte\source\repos\heretic2hd\heretic2r\src\game\release\m_rat.obj
c:\users\patte\source\repos\heretic2hd\heretic2r\src\game\release\p_hud.obj
c:\users\patte\source\repos\heretic2hd\heretic2r\src\game\release\sc_rotatedoneevent.obj
c:\users\patte\source\repos\heretic2hd\heretic2r\src\game\release\spl_flyingfist.obj
c:\users\patte\source\repos\heretic2hd\heretic2r\src\game\release\spl_phoenix.obj
c:\users\patte\source\repos\heretic2hd\heretic2r\src\game\release\spl_sphereofannihlation.obj
c:\users\patte\source\repos\heretic2hd\heretic2r\src\game\release\c_ai.obj
c:\users\patte\source\repos\heretic2hd\heretic2r\src\game\release\c_morcalavin_anim.obj
c:\users\patte\source\repos\heretic2hd\heretic2r\src\game\release\c_siernan2_anim.obj
c:\users\patte\source\repos\heretic2hd\heretic2r\src\game\release\g_combat.obj
c:\users\patte\source\repos\heretic2hd\heretic2r\src\game\release\g_light.obj
c:\users\patte\source\repos\heretic2hd\heretic2r\src\game\release\g_skeletons.obj
c:\users\patte\source\repos\heretic2hd\heretic2r\src\game\release\g_waterfx.obj
c:\users\patte\source\repos\heretic2hd\heretic2r\src\game\release\m_gkrokon_anim.obj
c:\users\patte\source\repos\heretic2hd\heretic2r\src\game\release\m_move.obj
c:\users\patte\source\repos\heretic2hd\heretic2r\src\game\release\m_plaguessithra.obj
c:\users\patte\source\repos\heretic2hd\heretic2r\src\game\release\m_tcheckrik_anim.obj
c:\users\patte\source\repos\heretic2hd\heretic2r\src\game\release\sc_event.obj
c:\users\patte\source\repos\heretic2hd\heretic2r\src\game\release\sc_signaler.obj
c:\users\patte\source\repos\heretic2hd\heretic2r\src\game\release\spl_hellstaff.obj
c:\users\patte\source\repos\heretic2hd\heretic2r\src\game\release\spl_redrain.obj
c:\users\patte\source\repos\heretic2hd\heretic2r\src\game\release\spl_wall.obj
c:\users\patte\source\repos\heretic2hd\heretic2r\src\game\release\c_corvus2_anim.obj
c:\users\patte\source\repos\heretic2hd\heretic2r\src\game\release\c_corvus5_anim.obj
c:\users\patte\source\repos\heretic2hd\heretic2r\src\game\release\c_corvus9.obj
c:\users\patte\source\repos\heretic2hd\heretic2r\src\game\release\c_siernan2.obj
c:\users\patte\source\repos\heretic2hd\heretic2r\src\game\release\g_breakable.obj
c:\users\patte\source\repos\heretic2hd\heretic2r\src\game\release\g_func_timer.obj
c:\users\patte\source\repos\heretic2hd\heretic2r\src\game\release\g_morcalavin_barrier.obj
c:\users\patte\source\repos\heretic2hd\heretic2r\src\game\release\g_save_defs.obj
c:\users\patte\source\repos\heretic2hd\heretic2r\src\game\release\m_assassin.obj
c:\users\patte\source\repos\heretic2hd\heretic2r\src\game\release\m_harpy.obj
c:\users\patte\source\repos\heretic2hd\heretic2r\src\game\release\m_ogle.obj
c:\users\patte\source\repos\heretic2hd\heretic2r\src\game\release\m_seraph_guard_anim.obj
c:\users\patte\source\repos\heretic2hd\heretic2r\src\game\release\p_item.obj
c:\users\patte\source\repos\heretic2hd\heretic2r\src\game\release\sc_executeevent.obj
c:\users\patte\source\repos\heretic2hd\heretic2r\src\game\release\sc_variable.obj
c:\users\patte\source\repos\heretic2hd\heretic2r\src\game\release\spl_teleport.obj
c:\users\patte\source\repos\heretic2hd\heretic2r\src\game\release\skeletons.obj
c:\users\patte\source\repos\heretic2hd\heretic2r\src\game\release\c_corvus4_anim.obj
c:\users\patte\source\repos\heretic2hd\heretic2r\src\game\release\c_dranor.obj
c:\users\patte\source\repos\heretic2hd\heretic2r\src\game\release\c_tome_anim.obj
c:\users\patte\source\repos\heretic2hd\heretic2r\src\game\release\g_debris.obj
c:\users\patte\source\repos\heretic2hd\heretic2r\src\game\release\g_func_rotating.obj
c:\users\patte\source\repos\heretic2hd\heretic2r\src\game\release\g_monster.obj
c:\users\patte\source\repos\heretic2hd\heretic2r\src\game\release\g_target.obj
c:\users\patte\source\repos\heretic2hd\heretic2r\src\game\release\m_chicken.obj
c:\users\patte\source\repos\heretic2hd\heretic2r\src\game\release\m_gorgon.obj
c:\users\patte\source\repos\heretic2hd\heretic2r\src\game\release\m_priestess.obj
c:\users\patte\source\repos\heretic2hd\heretic2r\src\game\release\m_stats.obj
c:\users\patte\source\repos\heretic2hd\heretic2r\src\game\release\p_morph.obj
c:\users\patte\source\repos\heretic2hd\heretic2r\src\game\release\sc_intvar.obj
c:\users\patte\source\repos\heretic2hd\heretic2r\src\game\release\sc_waitevent.obj
c:\users\patte\source\repos\heretic2hd\heretic2r\src\game\release\vc145.pdb
c:\users\patte\source\repos\heretic2hd\heretic2r\src\x64\release\gamex86.pdb
c:\users\patte\source\repos\heretic2hd\heretic2r\src\game\x64\release\gamex86.tlog\cl.14356.write.1.tlog
c:\users\patte\source\repos\heretic2hd\heretic2r\src\game\x64\release\gamex86.tlog\cl.command.1.tlog
c:\users\patte\source\repos\heretic2hd\heretic2r\src\game\x64\release\gamex86.tlog\cl.read.1.tlog
c:\users\patte\source\repos\heretic2hd\heretic2r\src\game\x64\release\gamex86.tlog\link-cvtres.read.1.tlog
c:\users\patte\source\repos\heretic2hd\heretic2r\src\game\x64\release\gamex86.tlog\link-cvtres.write.1.tlog
c:\users\patte\source\repos\heretic2hd\heretic2r\src\game\x64\release\gamex86.tlog\link-rc.read.1.tlog
c:\users\patte\source\repos\heretic2hd\heretic2r\src\game\x64\release\gamex86.tlog\link-rc.write.1.tlog
c:\users\patte\source\repos\heretic2hd\heretic2r\src\game\x64\release\gamex86.tlog\link.command.1.tlog
c:\users\patte\source\repos\heretic2hd\heretic2r\src\game\x64\release\gamex86.tlog\link.read.1.tlog
c:\users\patte\source\repos\heretic2hd\heretic2r\src\game\x64\release\gamex86.tlog\link.read.2.tlog
c:\users\patte\source\repos\heretic2hd\heretic2r\src\game\x64\release\gamex86.tlog\link.write.1.tlog
