c:\users\patte\source\repos\heretic2hd\heretic2r\src\ref_gl1\release\gl1_image.obj
c:\users\patte\source\repos\heretic2hd\heretic2r\src\ref_gl1\release\gl1_debug.obj
c:\users\patte\source\repos\heretic2hd\heretic2r\src\ref_gl1\release\skeletons.obj
c:\users\patte\source\repos\heretic2hd\heretic2r\src\ref_gl1\release\gl1_lightmap.obj
c:\users\patte\source\repos\heretic2hd\heretic2r\src\ref_gl1\release\gl1_surface.obj
c:\users\patte\source\repos\heretic2hd\heretic2r\src\ref_gl1\release\gl1_draw.obj
c:\users\patte\source\repos\heretic2hd\heretic2r\src\ref_gl1\release\gl1_sprite.obj
c:\users\patte\source\repos\heretic2hd\heretic2r\src\ref_gl1\release\r_skeletonlerp.obj
c:\users\patte\source\repos\heretic2hd\heretic2r\src\ref_gl1\release\turbsin.obj
c:\users\patte\source\repos\heretic2hd\heretic2r\src\ref_gl1\release\gl1_findsurface.obj
c:\users\patte\source\repos\heretic2hd\heretic2r\src\ref_gl1\release\gl1_main.obj
c:\users\patte\source\repos\heretic2hd\heretic2r\src\ref_gl1\release\hunk.obj
c:\users\patte\source\repos\heretic2hd\heretic2r\src\ref_gl1\release\gl1_light.obj
c:\users\patte\source\repos\heretic2hd\heretic2r\src\ref_gl1\release\anorms.obj
c:\users\patte\source\repos\heretic2hd\heretic2r\src\ref_gl1\release\gl1_misc.obj
c:\users\patte\source\repos\heretic2hd\heretic2r\src\ref_gl1\release\q_shared.obj
c:\users\patte\source\repos\heretic2hd\heretic2r\src\ref_gl1\release\gl1_sdl.obj
c:\users\patte\source\repos\heretic2hd\heretic2r\src\ref_gl1\release\gl1_drawbook.obj
c:\users\patte\source\repos\heretic2hd\heretic2r\src\ref_gl1\release\gl1_sky.obj
c:\users\patte\source\repos\heretic2hd\heretic2r\src\ref_gl1\release\glad.obj
c:\users\patte\source\repos\heretic2hd\heretic2r\src\ref_gl1\release\gl1_model.obj
c:\users\patte\source\repos\heretic2hd\heretic2r\src\ref_gl1\release\anormtab.obj
c:\users\patte\source\repos\heretic2hd\heretic2r\src\ref_gl1\release\gl1_drawcinematic.obj
c:\users\patte\source\repos\heretic2hd\heretic2r\src\ref_gl1\release\gl1_matrix4.obj
c:\users\patte\source\repos\heretic2hd\heretic2r\src\ref_gl1\release\r_skeletons.obj
c:\users\patte\source\repos\heretic2hd\heretic2r\src\ref_gl1\release\reference.obj
c:\users\patte\source\repos\heretic2hd\heretic2r\src\ref_gl1\release\gl1_flexmodel.obj
c:\users\patte\source\repos\heretic2hd\heretic2r\src\ref_gl1\release\gl1_warp.obj
c:\users\patte\source\repos\heretic2hd\heretic2r\src\ref_gl1\release\vc145.pdb
c:\users\patte\source\repos\heretic2hd\heretic2r\build\ref_gl1.dll
c:\users\patte\source\repos\heretic2hd\heretic2r\build\ref_gl1.pdb
c:\users\patte\source\repos\heretic2hd\heretic2r\build\ref_gl1.lib
c:\users\patte\source\repos\heretic2hd\heretic2r\build\ref_gl1.exp
c:\users\patte\source\repos\heretic2hd\heretic2r\build\ref_gl1.ilk
c:\users\patte\source\repos\heretic2hd\heretic2r\src\ref_gl1\release_x64\ref_gl1.tlog\cl.20872.write.1.tlog
c:\users\patte\source\repos\heretic2hd\heretic2r\src\ref_gl1\release_x64\ref_gl1.tlog\cl.command.1.tlog
c:\users\patte\source\repos\heretic2hd\heretic2r\src\ref_gl1\release_x64\ref_gl1.tlog\cl.items.tlog
c:\users\patte\source\repos\heretic2hd\heretic2r\src\ref_gl1\release_x64\ref_gl1.tlog\cl.read.1.tlog
c:\users\patte\source\repos\heretic2hd\heretic2r\src\ref_gl1\release_x64\ref_gl1.tlog\link.command.1.tlog
c:\users\patte\source\repos\heretic2hd\heretic2r\src\ref_gl1\release_x64\ref_gl1.tlog\link.read.1.tlog
c:\users\patte\source\repos\heretic2hd\heretic2r\src\ref_gl1\release_x64\ref_gl1.tlog\link.secondary.1.tlog
c:\users\patte\source\repos\heretic2hd\heretic2r\src\ref_gl1\release_x64\ref_gl1.tlog\link.write.1.tlog
