c:\users\patte\source\repos\heretic2hd\heretic2r\src\ref_gl3\release\gl3_flexmodel.obj
c:\users\patte\source\repos\heretic2hd\heretic2r\src\ref_gl3\release\hunk.obj
c:\users\patte\source\repos\heretic2hd\heretic2r\src\ref_gl3\release\skeletons.obj
c:\users\patte\source\repos\heretic2hd\heretic2r\src\ref_gl3\release\gl3_sdl.obj
c:\users\patte\source\repos\heretic2hd\heretic2r\src\ref_gl3\release\gl3_image.obj
c:\users\patte\source\repos\heretic2hd\heretic2r\src\ref_gl3\release\gl3_warp.obj
c:\users\patte\source\repos\heretic2hd\heretic2r\src\ref_gl3\release\anormtab.obj
c:\users\patte\source\repos\heretic2hd\heretic2r\src\ref_gl3\release\gl3_misc.obj
c:\users\patte\source\repos\heretic2hd\heretic2r\src\ref_gl3\release\gl3_sprite.obj
c:\users\patte\source\repos\heretic2hd\heretic2r\src\ref_gl3\release\gl3_lightmap.obj
c:\users\patte\source\repos\heretic2hd\heretic2r\src\ref_gl3\release\r_skeletonlerp.obj
c:\users\patte\source\repos\heretic2hd\heretic2r\src\ref_gl3\release\turbsin.obj
c:\users\patte\source\repos\heretic2hd\heretic2r\src\ref_gl3\release\gl3_shaders.obj
c:\users\patte\source\repos\heretic2hd\heretic2r\src\ref_gl3\release\gl3_light.obj
c:\users\patte\source\repos\heretic2hd\heretic2r\src\ref_gl3\release\reference.obj
c:\users\patte\source\repos\heretic2hd\heretic2r\src\ref_gl3\release\gl3_model.obj
c:\users\patte\source\repos\heretic2hd\heretic2r\src\ref_gl3\release\r_skeletons.obj
c:\users\patte\source\repos\heretic2hd\heretic2r\src\ref_gl3\release\anorms.obj
c:\users\patte\source\repos\heretic2hd\heretic2r\src\ref_gl3\release\gl3_main.obj
c:\users\patte\source\repos\heretic2hd\heretic2r\src\ref_gl3\release\gl3_stbimage.obj
c:\users\patte\source\repos\heretic2hd\heretic2r\src\ref_gl3\release\glad.obj
c:\users\patte\source\repos\heretic2hd\heretic2r\src\ref_gl3\release\gl3_sky.obj
c:\users\patte\source\repos\heretic2hd\heretic2r\src\ref_gl3\release\gl3_draw.obj
c:\users\patte\source\repos\heretic2hd\heretic2r\src\ref_gl3\release\gl3_surface.obj
c:\users\patte\source\repos\heretic2hd\heretic2r\src\ref_gl3\release\q_shared.obj
c:\users\patte\source\repos\heretic2hd\heretic2r\src\ref_gl3\release\gl3_shadow.obj
c:\users\patte\source\repos\heretic2hd\heretic2r\src\ref_gl3\release\vc145.pdb
c:\users\patte\source\repos\heretic2hd\heretic2r\build\ref_gl3.dll
c:\users\patte\source\repos\heretic2hd\heretic2r\build\ref_gl3.pdb
c:\users\patte\source\repos\heretic2hd\heretic2r\build\ref_gl3.lib
c:\users\patte\source\repos\heretic2hd\heretic2r\build\ref_gl3.exp
c:\users\patte\source\repos\heretic2hd\heretic2r\build\ref_gl3.ilk
c:\users\patte\source\repos\heretic2hd\heretic2r\src\ref_gl3\release_x64\ref_gl3.tlog\cl.11200.write.1.tlog
c:\users\patte\source\repos\heretic2hd\heretic2r\src\ref_gl3\release_x64\ref_gl3.tlog\cl.command.1.tlog
c:\users\patte\source\repos\heretic2hd\heretic2r\src\ref_gl3\release_x64\ref_gl3.tlog\cl.items.tlog
c:\users\patte\source\repos\heretic2hd\heretic2r\src\ref_gl3\release_x64\ref_gl3.tlog\cl.read.1.tlog
c:\users\patte\source\repos\heretic2hd\heretic2r\src\ref_gl3\release_x64\ref_gl3.tlog\link.command.1.tlog
c:\users\patte\source\repos\heretic2hd\heretic2r\src\ref_gl3\release_x64\ref_gl3.tlog\link.read.1.tlog
c:\users\patte\source\repos\heretic2hd\heretic2r\src\ref_gl3\release_x64\ref_gl3.tlog\link.secondary.1.tlog
c:\users\patte\source\repos\heretic2hd\heretic2r\src\ref_gl3\release_x64\ref_gl3.tlog\link.write.1.tlog
