  smacker.c
  cl_camera.c
  cl_demo.c
  cl_effects.c
  cl_entities.c
  cl_input.c
  cl_inventory.c
  cl_main.c
  cl_messages.c
  cl_parse.c
  cl_player.c
  cl_prediction.c
  cl_screen.c
  cl_skeletons.c
  cl_smk.c
C:\Users\patte\source\repos\Heretic2HD\Heretic2R\include\libsmacker\smacker.c(142,19): warning C4267: '=': conversion from 'size_t' to 'int', possible loss of data
C:\Users\patte\source\repos\Heretic2HD\Heretic2R\include\libsmacker\smacker.c(288,19): warning C4267: '=': conversion from 'size_t' to 'int', possible loss of data
C:\Users\patte\source\repos\Heretic2HD\Heretic2R\include\libsmacker\smacker.c(298,38): warning C4267: '=': conversion from 'size_t' to 'unsigned int', possible loss of data
C:\Users\patte\source\repos\Heretic2HD\Heretic2R\src\client\cl_demo.c(83,10): warning C4267: '=': conversion from 'size_t' to 'uint', possible loss of data
C:\Users\patte\source\repos\Heretic2HD\Heretic2R\src\client\cl_demo.c(114,10): warning C4267: '=': conversion from 'size_t' to 'uint', possible loss of data
C:\Users\patte\source\repos\Heretic2HD\Heretic2R\src\client\cl_demo.c(131,8): warning C4267: '=': conversion from 'size_t' to 'uint', possible loss of data
C:\Users\patte\source\repos\Heretic2HD\Heretic2R\src\client\cl_demo.c(80,15): warning C4267: 'initializing': conversion from 'size_t' to 'uint', possible loss of data
C:\Users\patte\source\repos\Heretic2HD\Heretic2R\src\client\cl_demo.c(111,15): warning C4267: 'initializing': conversion from 'size_t' to 'uint', possible loss of data
C:\Users\patte\source\repos\Heretic2HD\Heretic2R\src\client\cl_demo.c(128,13): warning C4267: 'initializing': conversion from 'size_t' to 'uint', possible loss of data
C:\Users\patte\source\repos\Heretic2HD\Heretic2R\src\client\cl_demo.c(148,19): warning C4267: 'initializing': conversion from 'size_t' to 'const uint', possible loss of data
C:\Users\patte\source\repos\Heretic2HD\Heretic2R\src\client\cl_parse.c(589,30): warning C4267: 'initializing': conversion from 'size_t' to 'const uint', possible loss of data
  cl_mp4.c
  cl_view.c
  console.c
  glimp_sdl3.c
  input_sdl3.c
  keys.c
  menu.c
  menu_addressbook.c
  menu_cameracfg.c
  menu_citymap.c
  menu_credits.c
  menu_dmoptions.c
C:\Users\patte\source\repos\Heretic2HD\Heretic2R\src\client\menu.c(1244,26): warning C4244: '-=': conversion from '__int64' to 'int', possible loss of data
  menu_downloadoptions.c
  menu_game.c
  menu_help.c
  menu_info.c
  menu_joinserver.c
  menu_keys.c
  menu_loadcfg.c
  menu_loadgame.c
C:\Users\patte\source\repos\Heretic2HD\Heretic2R\src\client\menus\menu_joinserver.c(59,40): warning C4244: 'initializing': conversion from '__int64' to 'const int', possible loss of data
C:\Users\patte\source\repos\Heretic2HD\Heretic2R\src\client\cl_main.c(141,8): warning C4267: '=': conversion from 'size_t' to 'uint', possible loss of data
C:\Users\patte\source\repos\Heretic2HD\Heretic2R\src\client\cl_main.c(138,13): warning C4267: 'initializing': conversion from 'size_t' to 'uint', possible loss of data
C:\Users\patte\source\repos\Heretic2HD\Heretic2R\src\client\cl_main.c(755,2): warning C4996: 'strncpy': This function or variable may be unsafe. Consider using strncpy_s instead. To disable deprecation, use _CRT_SECURE_NO_WARNINGS. See online help for details.
  menu_main.c
  menu_misc.c
  menu_mousecfg.c
  menu_multiplayer.c
  menu_objectives.c
  menu_options.c
  menu_playerconfig.c
  menu_quit.c
  menu_savegame.c
  menu_sound.c
C:\Users\patte\source\repos\Heretic2HD\Heretic2R\src\client\menus\menu_playerconfig.c(74,23): warning C4267: 'initializing': conversion from 'size_t' to 'const uint', possible loss of data
  menu_startserver.c
  menu_video.c
  menu_worldmap.c
  q_shared.c
  anorms.c
  cmd.c
  cmodel.c
  common.c
  cvar.c
  Debug.c
  files.c
C:\Users\patte\source\repos\Heretic2HD\Heretic2R\src\client\cl_mp4.c(325,2): warning C4996: 'strncpy': This function or variable may be unsafe. Consider using strncpy_s instead. To disable deprecation, use _CRT_SECURE_NO_WARNINGS. See online help for details.
  cd_detect.c
  pak_detect.c
C:\Users\patte\source\repos\Heretic2HD\Heretic2R\src\qcommon\cmodel.c(757,12): warning C4244: '=': conversion from '__int64' to 'int', possible loss of data
  md4.c
C:\Users\patte\source\repos\Heretic2HD\Heretic2R\src\qcommon\common.c(422,19): warning C4244: 'initializing': conversion from '__int64' to 'const int', possible loss of data
  netmsg_read.c
  netmsg_write.c
  net_chan.c
  pmove.c
C:\Users\patte\source\repos\Heretic2HD\Heretic2R\src\qcommon\files.c(295,20): warning C4267: 'initializing': conversion from 'size_t' to 'const uint', possible loss of data
  p_dll.c
  Reference.c
  Skeletons.c
  tokens.c
  turbsin.c
  sv_ccmds.c
  sv_effects.c
  sv_entities.c
  sv_game.c
  sv_init.c
  sv_main.c
  sv_send.c
  sv_user.c
  sv_world.c
C:\Users\patte\source\repos\Heretic2HD\Heretic2R\src\server\sv_init.c(19,24): warning C4267: 'initializing': conversion from 'size_t' to 'const uint', possible loss of data
C:\Users\patte\source\repos\Heretic2HD\Heretic2R\src\server\sv_init.c(23,20): warning C4267: 'initializing': conversion from 'size_t' to 'const uint', possible loss of data
  clfx_dll.c
C:\Users\patte\source\repos\Heretic2HD\Heretic2R\src\server\sv_send.c(394,50): warning C4244: 'initializing': conversion from '__int64' to 'const int', possible loss of data
C:\Users\patte\source\repos\Heretic2HD\Heretic2R\src\server\sv_send.c(502,50): warning C4244: 'initializing': conversion from '__int64' to 'const int', possible loss of data
C:\Users\patte\source\repos\Heretic2HD\Heretic2R\src\server\sv_send.c(631,7): warning C4267: '=': conversion from 'size_t' to 'uint', possible loss of data
C:\Users\patte\source\repos\Heretic2HD\Heretic2R\src\server\sv_send.c(621,12): warning C4267: 'initializing': conversion from 'size_t' to 'uint', possible loss of data
C:\Users\patte\source\repos\Heretic2HD\Heretic2R\src\server\sv_init.c(40,20): warning C4267: 'initializing': conversion from 'size_t' to 'const uint', possible loss of data
C:\Users\patte\source\repos\Heretic2HD\Heretic2R\src\server\sv_init.c(62,20): warning C4267: 'initializing': conversion from 'size_t' to 'const uint', possible loss of data
C:\Users\patte\source\repos\Heretic2HD\Heretic2R\src\server\sv_init.c(228,22): warning C4244: 'initializing': conversion from '__int64' to 'const int', possible loss of data
  net_wins.c
  q_shwin.c
C:\Users\patte\source\repos\Heretic2HD\Heretic2R\src\server\sv_ccmds.c(111,22): warning C4244: 'initializing': conversion from '__int64' to 'const int', possible loss of data
C:\Users\patte\source\repos\Heretic2HD\Heretic2R\src\server\sv_ccmds.c(156,22): warning C4244: 'initializing': conversion from '__int64' to 'const int', possible loss of data
C:\Users\patte\source\repos\Heretic2HD\Heretic2R\src\server\sv_ccmds.c(474,19): warning C4267: 'initializing': conversion from 'size_t' to 'const uint', possible loss of data
  snd_dll.c
C:\Users\patte\source\repos\Heretic2HD\Heretic2R\src\server\sv_user.c(58,50): warning C4244: 'initializing': conversion from '__int64' to 'const int', possible loss of data
  cd_audio.c
  sys_win.c
  vid_dll.c
  vid_Screenshot.c
C:\Users\patte\source\repos\Heretic2HD\Heretic2R\src\server\sv_main.c(124,20): warning C4267: 'initializing': conversion from 'size_t' to 'uint', possible loss of data
C:\Users\patte\source\repos\Heretic2HD\Heretic2R\src\server\sv_main.c(134,28): warning C4267: 'initializing': conversion from 'size_t' to 'const uint', possible loss of data
C:\Users\patte\source\repos\Heretic2HD\Heretic2R\src\server\sv_main.c(370,43): warning C4244: 'initializing': conversion from '__int64' to 'const int', possible loss of data
C:\Users\patte\source\repos\Heretic2HD\Heretic2R\src\server\sv_game.c(29,16): warning C4244: 'initializing': conversion from '__int64' to 'const int', possible loss of data
C:\Users\patte\source\repos\Heretic2HD\Heretic2R\src\server\sv_game.c(66,7): warning C4244: '=': conversion from '__int64' to 'int', possible loss of data
C:\Users\patte\source\repos\Heretic2HD\Heretic2R\src\server\sv_game.c(89,7): warning C4244: '=': conversion from '__int64' to 'int', possible loss of data
C:\Users\patte\source\repos\Heretic2HD\Heretic2R\src\server\sv_game.c(99,65): warning C4244: 'function': conversion from '__int64' to 'int', possible loss of data
C:\Users\patte\source\repos\Heretic2HD\Heretic2R\src\server\sv_game.c(111,16): warning C4244: 'initializing': conversion from '__int64' to 'const int', possible loss of data
C:\Users\patte\source\repos\Heretic2HD\Heretic2R\src\server\sv_game.c(126,16): warning C4244: 'initializing': conversion from '__int64' to 'const int', possible loss of data
C:\Users\patte\source\repos\Heretic2HD\Heretic2R\src\server\sv_game.c(137,16): warning C4244: 'initializing': conversion from '__int64' to 'const int', possible loss of data
C:\Users\patte\source\repos\Heretic2HD\Heretic2R\src\server\sv_game.c(148,16): warning C4244: 'initializing': conversion from '__int64' to 'const int', possible loss of data
C:\Users\patte\source\repos\Heretic2HD\Heretic2R\src\server\sv_game.c(159,16): warning C4244: 'initializing': conversion from '__int64' to 'const int', possible loss of data
C:\Users\patte\source\repos\Heretic2HD\Heretic2R\src\server\sv_game.c(171,16): warning C4244: 'initializing': conversion from '__int64' to 'const int', possible loss of data
C:\Users\patte\source\repos\Heretic2HD\Heretic2R\src\server\sv_game.c(226,32): warning C4267: 'initializing': conversion from 'size_t' to 'const uint', possible loss of data
C:\Users\patte\source\repos\Heretic2HD\Heretic2R\src\server\sv_game.c(362,16): warning C4244: 'initializing': conversion from '__int64' to 'const int', possible loss of data
C:\Users\patte\source\repos\Heretic2HD\Heretic2R\src\win32\sys_win.c(229,29): warning C4267: 'function': conversion from 'size_t' to 'DWORD', possible loss of data
C:\Users\patte\source\repos\Heretic2HD\Heretic2R\src\win32\q_shwin.c(156,26): warning C4267: 'function': conversion from 'size_t' to 'DWORD', possible loss of data
     Creating library ..\..\build\quake2.lib and object ..\..\build\quake2.exp
  quake2.vcxproj -> C:\Users\patte\source\repos\Heretic2HD\Heretic2R\build\quake2.dll
