c:\users\patte\source\repos\heretic2hd\heretic2r\src\player\release\p_weapon.obj
c:\users\patte\source\repos\heretic2hd\heretic2r\src\player\release\p_anim_data.obj
c:\users\patte\source\repos\heretic2hd\heretic2r\src\player\release\p_utility.obj
c:\users\patte\source\repos\heretic2hd\heretic2r\src\player\release\p_main.obj
c:\users\patte\source\repos\heretic2hd\heretic2r\src\player\release\p_actions.obj
c:\users\patte\source\repos\heretic2hd\heretic2r\src\player\release\p_animactor.obj
c:\users\patte\source\repos\heretic2hd\heretic2r\src\player\release\p_anim_branch.obj
c:\users\patte\source\repos\heretic2hd\heretic2r\src\player\release\p_chicken.obj
c:\users\patte\source\repos\heretic2hd\heretic2r\src\player\release\p_items.obj
c:\users\patte\source\repos\heretic2hd\heretic2r\src\player\release\p_chicken_anim.obj
c:\users\patte\source\repos\heretic2hd\heretic2r\src\player\release\p_anims.obj
c:\users\patte\source\repos\heretic2hd\heretic2r\src\player\release\vc145.pdb
c:\users\patte\source\repos\heretic2hd\heretic2r\src\x64\release\player.pdb
c:\users\patte\source\repos\heretic2hd\heretic2r\src\player\x64\release\player.tlog\cl.18228.write.1.tlog
c:\users\patte\source\repos\heretic2hd\heretic2r\src\player\x64\release\player.tlog\cl.command.1.tlog
c:\users\patte\source\repos\heretic2hd\heretic2r\src\player\x64\release\player.tlog\cl.read.1.tlog
c:\users\patte\source\repos\heretic2hd\heretic2r\src\player\x64\release\player.tlog\link-cvtres.read.1.tlog
c:\users\patte\source\repos\heretic2hd\heretic2r\src\player\x64\release\player.tlog\link-cvtres.write.1.tlog
c:\users\patte\source\repos\heretic2hd\heretic2r\src\player\x64\release\player.tlog\link-rc.read.1.tlog
c:\users\patte\source\repos\heretic2hd\heretic2r\src\player\x64\release\player.tlog\link-rc.write.1.tlog
c:\users\patte\source\repos\heretic2hd\heretic2r\src\player\x64\release\player.tlog\link.command.1.tlog
c:\users\patte\source\repos\heretic2hd\heretic2r\src\player\x64\release\player.tlog\link.read.1.tlog
c:\users\patte\source\repos\heretic2hd\heretic2r\src\player\x64\release\player.tlog\link.read.2.tlog
c:\users\patte\source\repos\heretic2hd\heretic2r\src\player\x64\release\player.tlog\link.write.1.tlog
