c:\users\patte\source\repos\heretic2hd\heretic2r\src\win32\release\cl_inventory.obj
c:\users\patte\source\repos\heretic2hd\heretic2r\src\win32\release\cl_mp4.obj
c:\users\patte\source\repos\heretic2hd\heretic2r\src\win32\release\sv_init.obj
c:\users\patte\source\repos\heretic2hd\heretic2r\src\win32\release\sys_win.obj
c:\users\patte\source\repos\heretic2hd\heretic2r\src\win32\release\cl_input.obj
c:\users\patte\source\repos\heretic2hd\heretic2r\src\win32\release\cl_smk.obj
c:\users\patte\source\repos\heretic2hd\heretic2r\src\win32\release\menu_addressbook.obj
c:\users\patte\source\repos\heretic2hd\heretic2r\src\win32\release\menu_citymap.obj
c:\users\patte\source\repos\heretic2hd\heretic2r\src\win32\release\netmsg_write.obj
c:\users\patte\source\repos\heretic2hd\heretic2r\src\win32\release\net_wins.obj
c:\users\patte\source\repos\heretic2hd\heretic2r\src\win32\release\cl_camera.obj
c:\users\patte\source\repos\heretic2hd\heretic2r\src\win32\release\cl_skeletons.obj
c:\users\patte\source\repos\heretic2hd\heretic2r\src\win32\release\menu_cameracfg.obj
c:\users\patte\source\repos\heretic2hd\heretic2r\src\win32\release\menu_downloadoptions.obj
c:\users\patte\source\repos\heretic2hd\heretic2r\src\win32\release\menu_mousecfg.obj
c:\users\patte\source\repos\heretic2hd\heretic2r\src\win32\release\menu_sound.obj
c:\users\patte\source\repos\heretic2hd\heretic2r\src\win32\release\files.obj
c:\users\patte\source\repos\heretic2hd\heretic2r\src\win32\release\sv_send.obj
c:\users\patte\source\repos\heretic2hd\heretic2r\src\win32\release\cl_main.obj
c:\users\patte\source\repos\heretic2hd\heretic2r\src\win32\release\menu_playerconfig.obj
c:\users\patte\source\repos\heretic2hd\heretic2r\src\win32\release\cmodel.obj
c:\users\patte\source\repos\heretic2hd\heretic2r\src\win32\release\sv_effects.obj
c:\users\patte\source\repos\heretic2hd\heretic2r\src\win32\release\clfx_dll.obj
c:\users\patte\source\repos\heretic2hd\heretic2r\src\win32\release\cl_entities.obj
c:\users\patte\source\repos\heretic2hd\heretic2r\src\win32\release\cl_view.obj
c:\users\patte\source\repos\heretic2hd\heretic2r\src\win32\release\menu_credits.obj
c:\users\patte\source\repos\heretic2hd\heretic2r\src\win32\release\menu_help.obj
c:\users\patte\source\repos\heretic2hd\heretic2r\src\win32\release\menu_main.obj
c:\users\patte\source\repos\heretic2hd\heretic2r\src\win32\release\menu_startserver.obj
c:\users\patte\source\repos\heretic2hd\heretic2r\src\win32\release\netmsg_read.obj
c:\users\patte\source\repos\heretic2hd\heretic2r\src\win32\release\sv_entities.obj
c:\users\patte\source\repos\heretic2hd\heretic2r\src\win32\release\cl_demo.obj
c:\users\patte\source\repos\heretic2hd\heretic2r\src\win32\release\cl_screen.obj
c:\users\patte\source\repos\heretic2hd\heretic2r\src\win32\release\menu_info.obj
c:\users\patte\source\repos\heretic2hd\heretic2r\src\win32\release\menu_savegame.obj
c:\users\patte\source\repos\heretic2hd\heretic2r\src\win32\release\cmd.obj
c:\users\patte\source\repos\heretic2hd\heretic2r\src\win32\release\pmove.obj
c:\users\patte\source\repos\heretic2hd\heretic2r\src\win32\release\sv_world.obj
c:\users\patte\source\repos\heretic2hd\heretic2r\src\win32\release\vid_screenshot.obj
c:\users\patte\source\repos\heretic2hd\heretic2r\src\win32\release\cl_parse.obj
c:\users\patte\source\repos\heretic2hd\heretic2r\src\win32\release\keys.obj
c:\users\patte\source\repos\heretic2hd\heretic2r\src\win32\release\menu_dmoptions.obj
c:\users\patte\source\repos\heretic2hd\heretic2r\src\win32\release\menu_loadcfg.obj
c:\users\patte\source\repos\heretic2hd\heretic2r\src\win32\release\menu_objectives.obj
c:\users\patte\source\repos\heretic2hd\heretic2r\src\win32\release\menu_video.obj
c:\users\patte\source\repos\heretic2hd\heretic2r\src\win32\release\debug.obj
c:\users\patte\source\repos\heretic2hd\heretic2r\src\win32\release\reference.obj
c:\users\patte\source\repos\heretic2hd\heretic2r\src\win32\release\turbsin.obj
c:\users\patte\source\repos\heretic2hd\heretic2r\src\win32\release\sv_main.obj
c:\users\patte\source\repos\heretic2hd\heretic2r\src\win32\release\cl_messages.obj
c:\users\patte\source\repos\heretic2hd\heretic2r\src\win32\release\glimp_sdl3.obj
c:\users\patte\source\repos\heretic2hd\heretic2r\src\win32\release\menu_keys.obj
c:\users\patte\source\repos\heretic2hd\heretic2r\src\win32\release\q_shared.obj
c:\users\patte\source\repos\heretic2hd\heretic2r\src\win32\release\md4.obj
c:\users\patte\source\repos\heretic2hd\heretic2r\src\win32\release\sv_game.obj
c:\users\patte\source\repos\heretic2hd\heretic2r\src\win32\release\cl_effects.obj
c:\users\patte\source\repos\heretic2hd\heretic2r\src\win32\release\menu_multiplayer.obj
c:\users\patte\source\repos\heretic2hd\heretic2r\src\win32\release\anorms.obj
c:\users\patte\source\repos\heretic2hd\heretic2r\src\win32\release\cvar.obj
c:\users\patte\source\repos\heretic2hd\heretic2r\src\win32\release\p_dll.obj
c:\users\patte\source\repos\heretic2hd\heretic2r\src\win32\release\cl_player.obj
c:\users\patte\source\repos\heretic2hd\heretic2r\src\win32\release\console.obj
c:\users\patte\source\repos\heretic2hd\heretic2r\src\win32\release\menu_joinserver.obj
c:\users\patte\source\repos\heretic2hd\heretic2r\src\win32\release\menu_misc.obj
c:\users\patte\source\repos\heretic2hd\heretic2r\src\win32\release\menu_worldmap.obj
c:\users\patte\source\repos\heretic2hd\heretic2r\src\win32\release\vid_dll.obj
c:\users\patte\source\repos\heretic2hd\heretic2r\src\win32\release\smacker.obj
c:\users\patte\source\repos\heretic2hd\heretic2r\src\win32\release\input_sdl3.obj
c:\users\patte\source\repos\heretic2hd\heretic2r\src\win32\release\menu_quit.obj
c:\users\patte\source\repos\heretic2hd\heretic2r\src\win32\release\common.obj
c:\users\patte\source\repos\heretic2hd\heretic2r\src\win32\release\skeletons.obj
c:\users\patte\source\repos\heretic2hd\heretic2r\src\win32\release\sv_ccmds.obj
c:\users\patte\source\repos\heretic2hd\heretic2r\src\win32\release\q_shwin.obj
c:\users\patte\source\repos\heretic2hd\heretic2r\src\win32\release\cl_prediction.obj
c:\users\patte\source\repos\heretic2hd\heretic2r\src\win32\release\menu.obj
c:\users\patte\source\repos\heretic2hd\heretic2r\src\win32\release\menu_game.obj
c:\users\patte\source\repos\heretic2hd\heretic2r\src\win32\release\menu_loadgame.obj
c:\users\patte\source\repos\heretic2hd\heretic2r\src\win32\release\menu_options.obj
c:\users\patte\source\repos\heretic2hd\heretic2r\src\win32\release\net_chan.obj
c:\users\patte\source\repos\heretic2hd\heretic2r\src\win32\release\tokens.obj
c:\users\patte\source\repos\heretic2hd\heretic2r\src\win32\release\sv_user.obj
c:\users\patte\source\repos\heretic2hd\heretic2r\src\win32\release\snd_dll.obj
c:\users\patte\source\repos\heretic2hd\heretic2r\src\win32\release\vc145.pdb
c:\users\patte\source\repos\heretic2hd\heretic2r\src\x64\release\quake2.pdb
c:\users\patte\source\repos\heretic2hd\heretic2r\src\win32\x64\release\quake2.tlog\cl.11064.write.1.tlog
c:\users\patte\source\repos\heretic2hd\heretic2r\src\win32\x64\release\quake2.tlog\cl.command.1.tlog
c:\users\patte\source\repos\heretic2hd\heretic2r\src\win32\x64\release\quake2.tlog\cl.read.1.tlog
c:\users\patte\source\repos\heretic2hd\heretic2r\src\win32\x64\release\quake2.tlog\link-cvtres.read.1.tlog
c:\users\patte\source\repos\heretic2hd\heretic2r\src\win32\x64\release\quake2.tlog\link-cvtres.write.1.tlog
c:\users\patte\source\repos\heretic2hd\heretic2r\src\win32\x64\release\quake2.tlog\link-rc.read.1.tlog
c:\users\patte\source\repos\heretic2hd\heretic2r\src\win32\x64\release\quake2.tlog\link-rc.write.1.tlog
c:\users\patte\source\repos\heretic2hd\heretic2r\src\win32\x64\release\quake2.tlog\link.command.1.tlog
c:\users\patte\source\repos\heretic2hd\heretic2r\src\win32\x64\release\quake2.tlog\link.read.1.tlog
c:\users\patte\source\repos\heretic2hd\heretic2r\src\win32\x64\release\quake2.tlog\link.read.2.tlog
c:\users\patte\source\repos\heretic2hd\heretic2r\src\win32\x64\release\quake2.tlog\link.write.1.tlog
