c:\users\patte\source\repos\heretic2hd\heretic2r\src\h2common\release\math.obj
c:\users\patte\source\repos\heretic2hd\heretic2r\src\h2common\release\byteorder.obj
c:\users\patte\source\repos\heretic2hd\heretic2r\src\h2common\release\q_shared.obj
c:\users\patte\source\repos\heretic2hd\heretic2r\src\h2common\release\surfaceprops.obj
c:\users\patte\source\repos\heretic2hd\heretic2r\src\h2common\release\motion.obj
c:\users\patte\source\repos\heretic2hd\heretic2r\src\h2common\release\singlylinkedlist.obj
c:\users\patte\source\repos\heretic2hd\heretic2r\src\h2common\release\console.obj
c:\users\patte\source\repos\heretic2hd\heretic2r\src\h2common\release\matrix.obj
c:\users\patte\source\repos\heretic2hd\heretic2r\src\h2common\release\textpalette.obj
c:\users\patte\source\repos\heretic2hd\heretic2r\src\h2common\release\dllmain.obj
c:\users\patte\source\repos\heretic2hd\heretic2r\src\h2common\release\infostrings.obj
c:\users\patte\source\repos\heretic2hd\heretic2r\src\h2common\release\resourcemanager.obj
c:\users\patte\source\repos\heretic2hd\heretic2r\src\h2common\release\common.obj
c:\users\patte\source\repos\heretic2hd\heretic2r\src\h2common\release\random.obj
c:\users\patte\source\repos\heretic2hd\heretic2r\src\h2common\release\vector.obj
c:\users\patte\source\repos\heretic2hd\heretic2r\src\h2common\release\q_physics.obj
c:\users\patte\source\repos\heretic2hd\heretic2r\src\h2common\release\vc145.pdb
c:\users\patte\source\repos\heretic2hd\heretic2r\build\h2common.dll
c:\users\patte\source\repos\heretic2hd\heretic2r\src\x64\release\h2common.pdb
c:\users\patte\source\repos\heretic2hd\heretic2r\src\x64\release\h2common.lib
c:\users\patte\source\repos\heretic2hd\heretic2r\src\x64\release\h2common.exp
c:\users\patte\source\repos\heretic2hd\heretic2r\build\h2common.ilk
c:\users\patte\source\repos\heretic2hd\heretic2r\src\h2common\x64\release\h2common.tlog\cl.13328.write.1.tlog
c:\users\patte\source\repos\heretic2hd\heretic2r\src\h2common\x64\release\h2common.tlog\cl.command.1.tlog
c:\users\patte\source\repos\heretic2hd\heretic2r\src\h2common\x64\release\h2common.tlog\cl.items.tlog
c:\users\patte\source\repos\heretic2hd\heretic2r\src\h2common\x64\release\h2common.tlog\cl.read.1.tlog
c:\users\patte\source\repos\heretic2hd\heretic2r\src\h2common\x64\release\h2common.tlog\link.command.1.tlog
c:\users\patte\source\repos\heretic2hd\heretic2r\src\h2common\x64\release\h2common.tlog\link.read.1.tlog
c:\users\patte\source\repos\heretic2hd\heretic2r\src\h2common\x64\release\h2common.tlog\link.secondary.1.tlog
c:\users\patte\source\repos\heretic2hd\heretic2r\src\h2common\x64\release\h2common.tlog\link.write.1.tlog
