  Hunk.c
  r_SkeletonLerp.c
  r_Skeletons.c
  gl3_Draw.c
  gl3_FlexModel.c
  gl3_Image.c
  gl3_Light.c
  gl3_Lightmap.c
  gl3_Main.c
  gl3_Misc.c
  gl3_Model.c
  gl3_SDL.c
C:\Users\patte\source\repos\Heretic2HD\Heretic2R\src\ref_gl3\src\gl3_Image.c(519,39): warning C4013: 'tolower' undefined; assuming extern returning int
  gl3_Shaders.c
  gl3_Shadow.c
  gl3_Sky.c
  gl3_Sprite.c
  gl3_Surface.c
  gl3_Warp.c
C:\Users\patte\source\repos\Heretic2HD\Heretic2R\src\ref_gl3\src\gl3_Surface.c(94,4): warning C4013: 'R_DrawSpriteModel' undefined; assuming extern returning int
  ref_gl3.vcxproj -> C:\Users\patte\source\repos\Heretic2HD\Heretic2R\build\ref_gl3.dll
