c:\users\patte\source\repos\heretic2hd\heretic2r\src\tools\release\vc145.pdb
c:\users\patte\source\repos\heretic2hd\heretic2r\src\tools\release\dumptextures.obj
c:\users\patte\source\repos\heretic2hd\heretic2r\src\tools\release\makepak.obj
c:\users\patte\source\repos\heretic2hd\heretic2r\build\dumptextures.ilk
c:\users\patte\source\repos\heretic2hd\heretic2r\src\tools\release\dumptextures.tlog\cl.command.1.tlog
c:\users\patte\source\repos\heretic2hd\heretic2r\src\tools\release\dumptextures.tlog\cl.items.tlog
c:\users\patte\source\repos\heretic2hd\heretic2r\src\tools\release\dumptextures.tlog\cl.read.1.tlog
c:\users\patte\source\repos\heretic2hd\heretic2r\src\tools\release\dumptextures.tlog\cl.write.1.tlog
c:\users\patte\source\repos\heretic2hd\heretic2r\src\tools\release\dumptextures.tlog\link-cvtres.read.1.tlog
c:\users\patte\source\repos\heretic2hd\heretic2r\src\tools\release\dumptextures.tlog\link-cvtres.write.1.tlog
c:\users\patte\source\repos\heretic2hd\heretic2r\src\tools\release\dumptextures.tlog\link-rc.read.1.tlog
c:\users\patte\source\repos\heretic2hd\heretic2r\src\tools\release\dumptextures.tlog\link-rc.write.1.tlog
c:\users\patte\source\repos\heretic2hd\heretic2r\src\tools\release\dumptextures.tlog\link.28264-cvtres.read.1.tlog
c:\users\patte\source\repos\heretic2hd\heretic2r\src\tools\release\dumptextures.tlog\link.28264-cvtres.write.1.tlog
c:\users\patte\source\repos\heretic2hd\heretic2r\src\tools\release\dumptextures.tlog\link.28264-rc.read.1.tlog
c:\users\patte\source\repos\heretic2hd\heretic2r\src\tools\release\dumptextures.tlog\link.28264-rc.write.1.tlog
c:\users\patte\source\repos\heretic2hd\heretic2r\src\tools\release\dumptextures.tlog\link.28264.read.1.tlog
c:\users\patte\source\repos\heretic2hd\heretic2r\src\tools\release\dumptextures.tlog\link.28264.write.1.tlog
c:\users\patte\source\repos\heretic2hd\heretic2r\src\tools\release\dumptextures.tlog\link.command.1.tlog
c:\users\patte\source\repos\heretic2hd\heretic2r\src\tools\release\dumptextures.tlog\link.read.1.tlog
c:\users\patte\source\repos\heretic2hd\heretic2r\src\tools\release\dumptextures.tlog\link.secondary.1.tlog
c:\users\patte\source\repos\heretic2hd\heretic2r\src\tools\release\dumptextures.tlog\link.write.1.tlog
