c:\users\patte\source\repos\heretic2hd\heretic2r\src\snd_sdl3\release\snd_main.obj
c:\users\patte\source\repos\heretic2hd\heretic2r\src\snd_sdl3\release\snd_al.obj
c:\users\patte\source\repos\heretic2hd\heretic2r\src\snd_sdl3\release\snd_ogg.obj
c:\users\patte\source\repos\heretic2hd\heretic2r\src\snd_sdl3\release\snd_sdl3.obj
c:\users\patte\source\repos\heretic2hd\heretic2r\src\snd_sdl3\release\snd_lowpassfilter.obj
c:\users\patte\source\repos\heretic2hd\heretic2r\src\snd_sdl3\release\snd_wav.obj
c:\users\patte\source\repos\heretic2hd\heretic2r\src\snd_sdl3\release\vc145.pdb
c:\users\patte\source\repos\heretic2hd\heretic2r\build\snd_sdl3.dll
c:\users\patte\source\repos\heretic2hd\heretic2r\build\snd_sdl3.pdb
c:\users\patte\source\repos\heretic2hd\heretic2r\build\snd_sdl3.lib
c:\users\patte\source\repos\heretic2hd\heretic2r\build\snd_sdl3.exp
c:\users\patte\source\repos\heretic2hd\heretic2r\build\snd_sdl3.ilk
c:\users\patte\source\repos\heretic2hd\heretic2r\src\snd_sdl3\release_x64\snd_sdl3.tlog\cl.17132.write.1.tlog
c:\users\patte\source\repos\heretic2hd\heretic2r\src\snd_sdl3\release_x64\snd_sdl3.tlog\cl.command.1.tlog
c:\users\patte\source\repos\heretic2hd\heretic2r\src\snd_sdl3\release_x64\snd_sdl3.tlog\cl.items.tlog
c:\users\patte\source\repos\heretic2hd\heretic2r\src\snd_sdl3\release_x64\snd_sdl3.tlog\cl.read.1.tlog
c:\users\patte\source\repos\heretic2hd\heretic2r\src\snd_sdl3\release_x64\snd_sdl3.tlog\link.command.1.tlog
c:\users\patte\source\repos\heretic2hd\heretic2r\src\snd_sdl3\release_x64\snd_sdl3.tlog\link.read.1.tlog
c:\users\patte\source\repos\heretic2hd\heretic2r\src\snd_sdl3\release_x64\snd_sdl3.tlog\link.secondary.1.tlog
c:\users\patte\source\repos\heretic2hd\heretic2r\src\snd_sdl3\release_x64\snd_sdl3.tlog\link.write.1.tlog
