c:\users\patte\source\repos\heretic2hd\heretic2r\src\player\release\p_anim_branch.obj
c:\users\patte\source\repos\heretic2hd\heretic2r\src\player\release\p_animactor.obj
c:\users\patte\source\repos\heretic2hd\heretic2r\src\player\release\p_items.obj
c:\users\patte\source\repos\heretic2hd\heretic2r\src\player\release\p_main.obj
c:\users\patte\source\repos\heretic2hd\heretic2r\src\player\release\p_utility.obj
c:\users\patte\source\repos\heretic2hd\heretic2r\src\player\release\p_chicken_anim.obj
c:\users\patte\source\repos\heretic2hd\heretic2r\src\player\release\p_anims.obj
c:\users\patte\source\repos\heretic2hd\heretic2r\src\player\release\p_weapon.obj
c:\users\patte\source\repos\heretic2hd\heretic2r\src\player\release\p_chicken.obj
c:\users\patte\source\repos\heretic2hd\heretic2r\src\player\release\p_anim_data.obj
c:\users\patte\source\repos\heretic2hd\heretic2r\src\player\release\p_actions.obj
c:\users\patte\source\repos\heretic2hd\heretic2r\src\player\release\vc145.pdb
c:\users\patte\source\repos\heretic2hd\heretic2r\build\base\player.dll
c:\users\patte\source\repos\heretic2hd\heretic2r\build\base\player.pdb
c:\users\patte\source\repos\heretic2hd\heretic2r\build\base\player.lib
c:\users\patte\source\repos\heretic2hd\heretic2r\build\base\player.exp
c:\users\patte\source\repos\heretic2hd\heretic2r\build\base\player.ilk
c:\users\patte\source\repos\heretic2hd\heretic2r\src\player\release_x64\player.tlog\cl.32888.write.1.tlog
c:\users\patte\source\repos\heretic2hd\heretic2r\src\player\release_x64\player.tlog\cl.command.1.tlog
c:\users\patte\source\repos\heretic2hd\heretic2r\src\player\release_x64\player.tlog\cl.items.tlog
c:\users\patte\source\repos\heretic2hd\heretic2r\src\player\release_x64\player.tlog\cl.read.1.tlog
c:\users\patte\source\repos\heretic2hd\heretic2r\src\player\release_x64\player.tlog\link.command.1.tlog
c:\users\patte\source\repos\heretic2hd\heretic2r\src\player\release_x64\player.tlog\link.read.1.tlog
c:\users\patte\source\repos\heretic2hd\heretic2r\src\player\release_x64\player.tlog\link.secondary.1.tlog
c:\users\patte\source\repos\heretic2hd\heretic2r\src\player\release_x64\player.tlog\link.write.1.tlog
